#
# There is insufficient memory for the Java Runtime Environment to continue.
# Native memory allocation (malloc) failed to allocate 1143456 bytes for Chunk::new
# Possible reasons:
#   The system is out of physical RAM or swap space
#   The process is running with CompressedOops enabled, and the Java Heap may be blocking the growth of the native heap
# Possible solutions:
#   Reduce memory load on the system
#   Increase physical memory or swap space
#   Check if swap backing store is full
#   Decrease Java heap size (-Xmx/-Xms)
#   Decrease number of Java threads
#   Decrease Java thread stack sizes (-Xss)
#   Set larger code cache with -XX:ReservedCodeCacheSize=
#   JVM is running with Unscaled Compressed Oops mode in which the Java heap is
#     placed in the first 4GB address space. The Java Heap base address is the
#     maximum limit for the native heap growth. Please use -XX:HeapBaseMinAddress
#     to set the Java Heap base and to place the Java Heap above 4GB virtual address.
# This output file may be truncated or incomplete.
#
#  Out of Memory Error (allocation.cpp:389), pid=11660, tid=0x0000000000003afc
#
# JRE version: OpenJDK Runtime Environment (8.0_242-b01) (build 1.8.0_242-release-1644-b01)
# Java VM: OpenJDK 64-Bit Server VM (25.242-b01 mixed mode windows-amd64 compressed oops)
# Failed to write core dump. Minidumps are not enabled by default on client versions of Windows
#

---------------  T H R E A D  ---------------

Current thread (0x000000001793b000):  JavaThread "C2 CompilerThread0" daemon [_thread_in_native, id=15100, stack(0x0000000018fa0000,0x00000000190a0000)]

Stack: [0x0000000018fa0000,0x00000000190a0000]
[error occurred during error reporting (printing stack bounds), id 0xc0000005]

Native frames: (J=compiled Java code, j=interpreted, Vv=VM code, C=native code)


Current CompileTask:
C2:   3458 1485   !   4       java.net.URLClassLoader$1::run (63 bytes)


---------------  P R O C E S S  ---------------

Java Threads: ( => current thread )
  0x0000000019a33800 JavaThread "Cache worker for file hash cache (C:\Users\EAK\.gradle\caches\6.5\fileHashes)" [_thread_blocked, id=12200, stack(0x000000001e9b0000,0x000000001eab0000)]
  0x0000000019a31800 JavaThread "File lock request listener" [_thread_in_native, id=1072, stack(0x000000001d8e0000,0x000000001d9e0000)]
  0x000000001a235800 JavaThread "Cache worker for journal cache (C:\Users\EAK\.gradle\caches\journal-1)" [_thread_blocked, id=504, stack(0x000000001d6e0000,0x000000001d7e0000)]
  0x000000001966c800 JavaThread "Thread-9" [_thread_blocked, id=22320, stack(0x000000001d3e0000,0x000000001d4e0000)]
  0x000000001b3b8800 JavaThread "Stdin handler" [_thread_blocked, id=23240, stack(0x000000001d2e0000,0x000000001d3e0000)]
  0x000000001b3b6800 JavaThread "Asynchronous log dispatcher for DefaultDaemonConnection: socket connection from /127.0.0.1:64359 to /127.0.0.1:64360" [_thread_blocked, id=19860, stack(0x000000001d1e0000,0x000000001d2e0000)]
  0x000000001b3b5000 JavaThread "Daemon worker" [_thread_in_native, id=14952, stack(0x000000001d0e0000,0x000000001d1e0000)]
  0x000000001b3bf800 JavaThread "Cancel handler" [_thread_blocked, id=8180, stack(0x000000001cfe0000,0x000000001d0e0000)]
  0x000000001b36a000 JavaThread "Handler for socket connection from /127.0.0.1:64359 to /127.0.0.1:64360" [_thread_in_native, id=2348, stack(0x000000001cee0000,0x000000001cfe0000)]
  0x000000001b364800 JavaThread "Daemon" [_thread_blocked, id=15212, stack(0x000000001cde0000,0x000000001cee0000)]
  0x000000001b34f800 JavaThread "Daemon periodic checks" [_thread_blocked, id=23336, stack(0x000000001cae0000,0x000000001cbe0000)]
  0x000000001b34e000 JavaThread "Incoming local TCP Connector on port 64359" [_thread_in_native, id=4616, stack(0x000000001c880000,0x000000001c980000)]
  0x000000001937b800 JavaThread "Daemon health stats" [_thread_blocked, id=17196, stack(0x000000001c240000,0x000000001c340000)]
  0x00000000192d0800 JavaThread "Service Thread" daemon [_thread_blocked, id=4868, stack(0x00000000196a0000,0x00000000197a0000)]
  0x0000000017943800 JavaThread "C1 CompilerThread2" daemon [_thread_blocked, id=23276, stack(0x00000000191a0000,0x00000000192a0000)]
  0x000000001793d000 JavaThread "C2 CompilerThread1" daemon [_thread_in_native, id=4872, stack(0x00000000190a0000,0x00000000191a0000)]
=>0x000000001793b000 JavaThread "C2 CompilerThread0" daemon [_thread_in_native, id=15100, stack(0x0000000018fa0000,0x00000000190a0000)]
  0x0000000017939800 JavaThread "Attach Listener" daemon [_thread_blocked, id=1412, stack(0x0000000018ea0000,0x0000000018fa0000)]
  0x0000000017938800 JavaThread "Signal Dispatcher" daemon [_thread_blocked, id=6280, stack(0x0000000018da0000,0x0000000018ea0000)]
  0x0000000002d0c800 JavaThread "Finalizer" daemon [_thread_blocked, id=2088, stack(0x0000000018b90000,0x0000000018c90000)]
  0x0000000017919000 JavaThread "Reference Handler" daemon [_thread_blocked, id=16956, stack(0x0000000018a90000,0x0000000018b90000)]
  0x0000000000d4e000 JavaThread "main" [_thread_blocked, id=4932, stack(0x0000000002b10000,0x0000000002c10000)]

Other Threads:
  0x00000000178f7000 VMThread [stack: 0x0000000018990000,0x0000000018a90000] [id=14892]
  0x000000001798a000 WatcherThread [stack: 0x00000000197a0000,0x00000000198a0000] [id=16340]

VM state:not at safepoint (normal execution)

VM Mutex/Monitor currently owned by a thread: None

heap address: 0x0000000080000000, size: 2048 MB, Compressed Oops mode: 32-bit
Narrow klass base: 0x0000000000000000, Narrow klass shift: 3
Compressed class space size: 1073741824 Address: 0x0000000100000000

Heap:
 PSYoungGen      total 38400K, used 5505K [0x00000000d5580000, 0x00000000da080000, 0x0000000100000000)
  eden space 33280K, 1% used [0x00000000d5580000,0x00000000d55e05d8,0x00000000d7600000)
  from space 5120K, 100% used [0x00000000d7b00000,0x00000000d8000000,0x00000000d8000000)
  to   space 5120K, 0% used [0x00000000d7600000,0x00000000d7600000,0x00000000d7b00000)
 ParOldGen       total 87552K, used 3585K [0x0000000080000000, 0x0000000085580000, 0x00000000d5580000)
  object space 87552K, 4% used [0x0000000080000000,0x0000000080380738,0x0000000085580000)
 Metaspace       used 15463K, capacity 16048K, committed 16384K, reserved 1062912K
  class space    used 2042K, capacity 2192K, committed 2304K, reserved 1048576K

Card table byte_map: [0x00000000120d0000,0x00000000124e0000] byte_map_base: 0x0000000011cd0000

Marking Bits: (ParMarkBitMap*) 0x0000000074edf030
 Begin Bits: [0x0000000012b90000, 0x0000000014b90000)
 End Bits:   [0x0000000014b90000, 0x0000000016b90000)

Polling page: 0x0000000001220000

CodeCache: size=245760Kb used=5200Kb max_used=5200Kb free=240559Kb
 bounds [0x0000000002d10000, 0x0000000003230000, 0x0000000011d10000]
 total_blobs=1885 nmethods=1495 adapters=303
 compilation: enabled

Compilation events (10 events):
Event: 3.353 Thread 0x0000000017943800 1494       3       java.lang.StringCoding::safeTrim (24 bytes)
Event: 3.353 Thread 0x0000000017943800 nmethod 1494 0x0000000003223210 code [0x00000000032233a0, 0x0000000003223868]
Event: 3.359 Thread 0x0000000017943800 1496       3       jdk.internal.org.objectweb.asm.MethodWriter::visitInsn (106 bytes)
Event: 3.360 Thread 0x0000000017943800 nmethod 1496 0x0000000003223c50 code [0x0000000003223e00, 0x00000000032242a8]
Event: 3.363 Thread 0x0000000017943800 1497       3       sun.reflect.ClassFileAssembler::emitConstantPoolNameAndType (28 bytes)
Event: 3.364 Thread 0x0000000017943800 nmethod 1497 0x0000000003224450 code [0x0000000003224640, 0x0000000003224d28]
Event: 3.404 Thread 0x0000000017943800 1498       3       java.lang.String::substring (56 bytes)
Event: 3.419 Thread 0x0000000017943800 nmethod 1498 0x0000000003225290 code [0x0000000003225420, 0x00000000032257c8]
Event: 3.420 Thread 0x0000000017943800 1499       3       java.util.zip.Inflater::finalize (5 bytes)
Event: 3.420 Thread 0x0000000017943800 nmethod 1499 0x0000000003225950 code [0x0000000003225ac0, 0x0000000003225c68]

GC Heap History (8 events):
Event: 1.206 GC heap before
{Heap before GC invocations=1 (full 0):
 PSYoungGen      total 38400K, used 33280K [0x00000000d5580000, 0x00000000d8000000, 0x0000000100000000)
  eden space 33280K, 100% used [0x00000000d5580000,0x00000000d7600000,0x00000000d7600000)
  from space 5120K, 0% used [0x00000000d7b00000,0x00000000d7b00000,0x00000000d8000000)
  to   space 5120K, 0% used [0x00000000d7600000,0x00000000d7600000,0x00000000d7b00000)
 ParOldGen       total 87552K, used 0K [0x0000000080000000, 0x0000000085580000, 0x00000000d5580000)
  object space 87552K, 0% used [0x0000000080000000,0x0000000080000000,0x0000000085580000)
 Metaspace       used 7562K, capacity 7850K, committed 8064K, reserved 1056768K
  class space    used 931K, capacity 1041K, committed 1152K, reserved 1048576K
Event: 1.216 GC heap after
Heap after GC invocations=1 (full 0):
 PSYoungGen      total 38400K, used 4583K [0x00000000d5580000, 0x00000000d8000000, 0x0000000100000000)
  eden space 33280K, 0% used [0x00000000d5580000,0x00000000d5580000,0x00000000d7600000)
  from space 5120K, 89% used [0x00000000d7600000,0x00000000d7a79da0,0x00000000d7b00000)
  to   space 5120K, 0% used [0x00000000d7b00000,0x00000000d7b00000,0x00000000d8000000)
 ParOldGen       total 87552K, used 16K [0x0000000080000000, 0x0000000085580000, 0x00000000d5580000)
  object space 87552K, 0% used [0x0000000080000000,0x0000000080004000,0x0000000085580000)
 Metaspace       used 7562K, capacity 7850K, committed 8064K, reserved 1056768K
  class space    used 931K, capacity 1041K, committed 1152K, reserved 1048576K
}
Event: 1.548 GC heap before
{Heap before GC invocations=2 (full 0):
 PSYoungGen      total 38400K, used 37863K [0x00000000d5580000, 0x00000000d8000000, 0x0000000100000000)
  eden space 33280K, 100% used [0x00000000d5580000,0x00000000d7600000,0x00000000d7600000)
  from space 5120K, 89% used [0x00000000d7600000,0x00000000d7a79da0,0x00000000d7b00000)
  to   space 5120K, 0% used [0x00000000d7b00000,0x00000000d7b00000,0x00000000d8000000)
 ParOldGen       total 87552K, used 16K [0x0000000080000000, 0x0000000085580000, 0x00000000d5580000)
  object space 87552K, 0% used [0x0000000080000000,0x0000000080004000,0x0000000085580000)
 Metaspace       used 7807K, capacity 8162K, committed 8320K, reserved 1056768K
  class space    used 958K, capacity 1081K, committed 1152K, reserved 1048576K
Event: 1.552 GC heap after
Heap after GC invocations=2 (full 0):
 PSYoungGen      total 38400K, used 3361K [0x00000000d5580000, 0x00000000d8000000, 0x0000000100000000)
  eden space 33280K, 0% used [0x00000000d5580000,0x00000000d5580000,0x00000000d7600000)
  from space 5120K, 65% used [0x00000000d7b00000,0x00000000d7e48608,0x00000000d8000000)
  to   space 5120K, 0% used [0x00000000d7600000,0x00000000d7600000,0x00000000d7b00000)
 ParOldGen       total 87552K, used 24K [0x0000000080000000, 0x0000000085580000, 0x00000000d5580000)
  object space 87552K, 0% used [0x0000000080000000,0x0000000080006000,0x0000000085580000)
 Metaspace       used 7807K, capacity 8162K, committed 8320K, reserved 1056768K
  class space    used 958K, capacity 1081K, committed 1152K, reserved 1048576K
}
Event: 2.929 GC heap before
{Heap before GC invocations=3 (full 0):
 PSYoungGen      total 38400K, used 36641K [0x00000000d5580000, 0x00000000d8000000, 0x0000000100000000)
  eden space 33280K, 100% used [0x00000000d5580000,0x00000000d7600000,0x00000000d7600000)
  from space 5120K, 65% used [0x00000000d7b00000,0x00000000d7e48608,0x00000000d8000000)
  to   space 5120K, 0% used [0x00000000d7600000,0x00000000d7600000,0x00000000d7b00000)
 ParOldGen       total 87552K, used 24K [0x0000000080000000, 0x0000000085580000, 0x00000000d5580000)
  object space 87552K, 0% used [0x0000000080000000,0x0000000080006000,0x0000000085580000)
 Metaspace       used 12244K, capacity 12584K, committed 12800K, reserved 1060864K
  class space    used 1636K, capacity 1730K, committed 1792K, reserved 1048576K
Event: 2.937 GC heap after
Heap after GC invocations=3 (full 0):
 PSYoungGen      total 38400K, used 5088K [0x00000000d5580000, 0x00000000d8000000, 0x0000000100000000)
  eden space 33280K, 0% used [0x00000000d5580000,0x00000000d5580000,0x00000000d7600000)
  from space 5120K, 99% used [0x00000000d7600000,0x00000000d7af8020,0x00000000d7b00000)
  to   space 5120K, 0% used [0x00000000d7b00000,0x00000000d7b00000,0x00000000d8000000)
 ParOldGen       total 87552K, used 1235K [0x0000000080000000, 0x0000000085580000, 0x00000000d5580000)
  object space 87552K, 1% used [0x0000000080000000,0x0000000080134ea8,0x0000000085580000)
 Metaspace       used 12244K, capacity 12584K, committed 12800K, reserved 1060864K
  class space    used 1636K, capacity 1730K, committed 1792K, reserved 1048576K
}
Event: 3.405 GC heap before
{Heap before GC invocations=4 (full 0):
 PSYoungGen      total 38400K, used 38368K [0x00000000d5580000, 0x00000000d8000000, 0x0000000100000000)
  eden space 33280K, 100% used [0x00000000d5580000,0x00000000d7600000,0x00000000d7600000)
  from space 5120K, 99% used [0x00000000d7600000,0x00000000d7af8020,0x00000000d7b00000)
  to   space 5120K, 0% used [0x00000000d7b00000,0x00000000d7b00000,0x00000000d8000000)
 ParOldGen       total 87552K, used 1235K [0x0000000080000000, 0x0000000085580000, 0x00000000d5580000)
  object space 87552K, 1% used [0x0000000080000000,0x0000000080134ea8,0x0000000085580000)
 Metaspace       used 15462K, capacity 16048K, committed 16384K, reserved 1062912K
  class space    used 2042K, capacity 2192K, committed 2304K, reserved 1048576K
Event: 3.419 GC heap after
Heap after GC invocations=4 (full 0):
 PSYoungGen      total 38400K, used 5120K [0x00000000d5580000, 0x00000000da080000, 0x0000000100000000)
  eden space 33280K, 0% used [0x00000000d5580000,0x00000000d5580000,0x00000000d7600000)
  from space 5120K, 100% used [0x00000000d7b00000,0x00000000d8000000,0x00000000d8000000)
  to   space 5120K, 0% used [0x00000000d7600000,0x00000000d7600000,0x00000000d7b00000)
 ParOldGen       total 87552K, used 3585K [0x0000000080000000, 0x0000000085580000, 0x00000000d5580000)
  object space 87552K, 4% used [0x0000000080000000,0x0000000080380738,0x0000000085580000)
 Metaspace       used 15462K, capacity 16048K, committed 16384K, reserved 1062912K
  class space    used 2042K, capacity 2192K, committed 2304K, reserved 1048576K
}

Deoptimization events (10 events):
Event: 2.916 Thread 0x000000001b3b5000 Uncommon trap: reason=bimorphic action=maybe_recompile pc=0x0000000002fcbb04 method=java.util.HashMap.putVal(ILjava/lang/Object;Ljava/lang/Object;ZZ)Ljava/lang/Object; @ 253
Event: 2.916 Thread 0x000000001b3b5000 Uncommon trap: reason=bimorphic action=maybe_recompile pc=0x0000000002fcbb04 method=java.util.HashMap.putVal(ILjava/lang/Object;Ljava/lang/Object;ZZ)Ljava/lang/Object; @ 253
Event: 2.916 Thread 0x000000001b3b5000 Uncommon trap: reason=bimorphic action=maybe_recompile pc=0x0000000002fcbb04 method=java.util.HashMap.putVal(ILjava/lang/Object;Ljava/lang/Object;ZZ)Ljava/lang/Object; @ 253
Event: 2.916 Thread 0x000000001b3b5000 Uncommon trap: reason=bimorphic action=maybe_recompile pc=0x0000000002fcbb04 method=java.util.HashMap.putVal(ILjava/lang/Object;Ljava/lang/Object;ZZ)Ljava/lang/Object; @ 253
Event: 3.172 Thread 0x000000001b3b5000 Uncommon trap: reason=class_check action=maybe_recompile pc=0x0000000003059418 method=java.util.regex.Matcher.match(II)Z @ 86
Event: 3.172 Thread 0x000000001b3b5000 Uncommon trap: reason=class_check action=maybe_recompile pc=0x0000000003059418 method=java.util.regex.Matcher.match(II)Z @ 86
Event: 3.173 Thread 0x000000001b3b5000 Uncommon trap: reason=class_check action=maybe_recompile pc=0x0000000003059418 method=java.util.regex.Matcher.match(II)Z @ 86
Event: 3.173 Thread 0x000000001b3b5000 Uncommon trap: reason=class_check action=maybe_recompile pc=0x0000000002ed48cc method=java.util.regex.Matcher.match(II)Z @ 86
Event: 3.363 Thread 0x000000001b3b5000 Uncommon trap: reason=unstable_if action=reinterpret pc=0x000000000304b38c method=java.io.File.getName()Ljava/lang/String; @ 16
Event: 3.363 Thread 0x000000001b3b5000 Uncommon trap: reason=unstable_if action=reinterpret pc=0x000000000304bd1c method=java.lang.String.substring(I)Ljava/lang/String; @ 35

Classes redefined (0 events):
No events

Internal exceptions (10 events):
Event: 0.814 Thread 0x0000000000d4e000 Exception <a 'java/lang/ArrayIndexOutOfBoundsException'> (0x00000000d6b86b88) thrown at [C:\src\AOSP-openjdk-git\hotspot\src\share\vm\runtime\sharedRuntime.cpp, line 605]
Event: 0.814 Thread 0x0000000000d4e000 Exception <a 'java/lang/ArrayIndexOutOfBoundsException'> (0x00000000d6b93d40) thrown at [C:\src\AOSP-openjdk-git\hotspot\src\share\vm\runtime\sharedRuntime.cpp, line 605]
Event: 2.815 Thread 0x0000000000d4e000 Exception <a 'java/io/IOException'> (0x00000000d70e9090) thrown at [C:\src\AOSP-openjdk-git\hotspot\src\share\vm\prims\jni.cpp, line 710]
Event: 2.859 Thread 0x000000001b36a000 Exception <a 'java/lang/NoSuchMethodError': <clinit>> (0x00000000d72d7ed0) thrown at [C:\src\AOSP-openjdk-git\hotspot\src\share\vm\prims\jni.cpp, line 1615]
Event: 2.860 Thread 0x000000001b36a000 Exception <a 'java/lang/NoSuchMethodError': <clinit>> (0x00000000d72e15d8) thrown at [C:\src\AOSP-openjdk-git\hotspot\src\share\vm\prims\jni.cpp, line 1615]
Event: 2.861 Thread 0x000000001b36a000 Exception <a 'java/lang/NoSuchMethodError': <clinit>> (0x00000000d72f5b90) thrown at [C:\src\AOSP-openjdk-git\hotspot\src\share\vm\prims\jni.cpp, line 1615]
Event: 2.872 Thread 0x000000001b36a000 Exception <a 'java/lang/NoSuchMethodError': <clinit>> (0x00000000d7363278) thrown at [C:\src\AOSP-openjdk-git\hotspot\src\share\vm\prims\jni.cpp, line 1615]
Event: 2.879 Thread 0x000000001b36a000 Exception <a 'java/lang/NoSuchMethodError': <clinit>> (0x00000000d739d780) thrown at [C:\src\AOSP-openjdk-git\hotspot\src\share\vm\prims\jni.cpp, line 1615]
Event: 2.886 Thread 0x000000001b36a000 Exception <a 'java/lang/NoSuchMethodError': <clinit>> (0x00000000d73d32f0) thrown at [C:\src\AOSP-openjdk-git\hotspot\src\share\vm\prims\jni.cpp, line 1615]
Event: 2.887 Thread 0x000000001b36a000 Exception <a 'java/lang/NoSuchMethodError': <clinit>> (0x00000000d73df820) thrown at [C:\src\AOSP-openjdk-git\hotspot\src\share\vm\prims\jni.cpp, line 1615]

Events (10 events):
Event: 3.403 loading class com/google/common/io/CharSource$StringCharSource
Event: 3.403 loading class com/google/common/io/CharSource$StringCharSource done
Event: 3.403 loading class com/google/common/io/CharSource$EmptyCharSource
Event: 3.403 loading class com/google/common/io/CharSource$EmptyCharSource done
Event: 3.403 loading class com/google/common/io/CharSource$AsByteSource
Event: 3.403 loading class com/google/common/io/CharSource$AsByteSource done
Event: 3.404 loading class org/apache/commons/io/FileUtils
Event: 3.404 loading class org/apache/commons/io/FileUtils done
Event: 3.404 Executing VM operation: ParallelGCFailedAllocation
Event: 3.419 Executing VM operation: ParallelGCFailedAllocation done


Dynamic libraries:
0x00007ff6b2240000 - 0x00007ff6b2271000 	C:\Program Files\Android\Android Studio\jre\bin\java.exe
0x00007ff9437f0000 - 0x00007ff9439e5000 	C:\WINDOWS\SYSTEM32\ntdll.dll
0x00007ff93b040000 - 0x00007ff93b053000 	C:\Program Files\AVAST Software\Avast\aswhook.dll
0x00007ff941ae0000 - 0x00007ff941b9d000 	C:\WINDOWS\System32\KERNEL32.DLL
0x00007ff941230000 - 0x00007ff9414f9000 	C:\WINDOWS\System32\KERNELBASE.dll
0x00007ff942180000 - 0x00007ff94222c000 	C:\WINDOWS\System32\ADVAPI32.dll
0x00007ff9420e0000 - 0x00007ff94217e000 	C:\WINDOWS\System32\msvcrt.dll
0x00007ff941dd0000 - 0x00007ff941e6c000 	C:\WINDOWS\System32\sechost.dll
0x00007ff942fc0000 - 0x00007ff9430eb000 	C:\WINDOWS\System32\RPCRT4.dll
0x00007ff941c00000 - 0x00007ff941da0000 	C:\WINDOWS\System32\USER32.dll
0x00007ff941710000 - 0x00007ff941732000 	C:\WINDOWS\System32\win32u.dll
0x00007ff941da0000 - 0x00007ff941dca000 	C:\WINDOWS\System32\GDI32.dll
0x00007ff941740000 - 0x00007ff94184b000 	C:\WINDOWS\System32\gdi32full.dll
0x00007ff9410b0000 - 0x00007ff94114d000 	C:\WINDOWS\System32\msvcp_win.dll
0x00007ff940f30000 - 0x00007ff941030000 	C:\WINDOWS\System32\ucrtbase.dll
0x00007ff922370000 - 0x00007ff92260a000 	C:\WINDOWS\WinSxS\amd64_microsoft.windows.common-controls_6595b64144ccf1df_6.0.19041.844_none_ca00b6081b84eb1d\COMCTL32.dll
0x00007ff9420b0000 - 0x00007ff9420e0000 	C:\WINDOWS\System32\IMM32.DLL
0x0000000074550000 - 0x0000000074622000 	C:\Program Files\Android\Android Studio\jre\jre\bin\msvcr100.dll
0x0000000074710000 - 0x0000000074f5b000 	C:\Program Files\Android\Android Studio\jre\jre\bin\server\jvm.dll
0x00007ff941ef0000 - 0x00007ff941ef8000 	C:\WINDOWS\System32\PSAPI.DLL
0x00007ff93b4c0000 - 0x00007ff93b4ca000 	C:\WINDOWS\SYSTEM32\VERSION.dll
0x00007ff9285c0000 - 0x00007ff9285e7000 	C:\WINDOWS\SYSTEM32\WINMM.dll
0x00007ff93bef0000 - 0x00007ff93bef9000 	C:\WINDOWS\SYSTEM32\WSOCK32.dll
0x00007ff9423f0000 - 0x00007ff94245b000 	C:\WINDOWS\System32\WS2_32.dll
0x00007ff93b5d0000 - 0x00007ff93b5df000 	C:\Program Files\Android\Android Studio\jre\jre\bin\verify.dll
0x00007ff9354d0000 - 0x00007ff9354f9000 	C:\Program Files\Android\Android Studio\jre\jre\bin\java.dll
0x00007ff9375d0000 - 0x00007ff9375e6000 	C:\Program Files\Android\Android Studio\jre\jre\bin\zip.dll
0x00007ff942460000 - 0x00007ff942ba2000 	C:\WINDOWS\System32\SHELL32.dll
0x00007ff93f050000 - 0x00007ff93f7e0000 	C:\WINDOWS\SYSTEM32\windows.storage.dll
0x00007ff942c60000 - 0x00007ff942fb5000 	C:\WINDOWS\System32\combase.dll
0x00007ff940800000 - 0x00007ff94082c000 	C:\WINDOWS\SYSTEM32\Wldp.dll
0x00007ff942bb0000 - 0x00007ff942c5e000 	C:\WINDOWS\System32\SHCORE.dll
0x00007ff941a80000 - 0x00007ff941ad5000 	C:\WINDOWS\System32\shlwapi.dll
0x00007ff940e70000 - 0x00007ff940e8f000 	C:\WINDOWS\SYSTEM32\profapi.dll
0x00007ff9355f0000 - 0x00007ff93560a000 	C:\Program Files\Android\Android Studio\jre\jre\bin\net.dll
0x00007ff9405f0000 - 0x00007ff94065a000 	C:\WINDOWS\system32\mswsock.dll
0x00007ff9354b0000 - 0x00007ff9354c3000 	C:\Program Files\Android\Android Studio\jre\jre\bin\nio.dll
0x00007ff931b90000 - 0x00007ff931bb7000 	C:\Users\EAK\.gradle\native\f6784746aeab05261644944871eae4fe03e0ef1612fff0a4a95f87b438bc6780\windows-amd64\native-platform.dll
0x00007ff92a960000 - 0x00007ff92a96d000 	C:\Program Files\Android\Android Studio\jre\jre\bin\management.dll
0x00007ff9408b0000 - 0x00007ff9408c8000 	C:\WINDOWS\SYSTEM32\CRYPTSP.dll
0x00007ff93ffb0000 - 0x00007ff93ffe4000 	C:\WINDOWS\system32\rsaenh.dll
0x00007ff941080000 - 0x00007ff9410a7000 	C:\WINDOWS\System32\bcrypt.dll
0x00007ff940e30000 - 0x00007ff940e5e000 	C:\WINDOWS\SYSTEM32\USERENV.dll
0x00007ff9411b0000 - 0x00007ff941230000 	C:\WINDOWS\System32\bcryptprimitives.dll
0x00007ff940770000 - 0x00007ff94077c000 	C:\WINDOWS\SYSTEM32\CRYPTBASE.dll
0x00007ff940300000 - 0x00007ff94033b000 	C:\WINDOWS\SYSTEM32\IPHLPAPI.DLL
0x00007ff941930000 - 0x00007ff941938000 	C:\WINDOWS\System32\NSI.dll
0x00007ff93aa10000 - 0x00007ff93aa27000 	C:\WINDOWS\SYSTEM32\dhcpcsvc6.DLL
0x00007ff93ad80000 - 0x00007ff93ad9d000 	C:\WINDOWS\SYSTEM32\dhcpcsvc.DLL
0x00007ff940340000 - 0x00007ff94040b000 	C:\WINDOWS\SYSTEM32\DNSAPI.dll
0x00007ff93af90000 - 0x00007ff93af9b000 	C:\WINDOWS\SYSTEM32\WINNSI.DLL

VM Arguments:
jvm_args: -Xmx2048m -Dfile.encoding=UTF-8 -Duser.country=BR -Duser.language=pt -Duser.variant 
java_command: org.gradle.launcher.daemon.bootstrap.GradleDaemon 6.5
java_class_path (initial): C:\Users\EAK\.gradle\wrapper\dists\gradle-6.5-all\2oz4ud9k3tuxjg84bbf55q0tn\gradle-6.5\lib\gradle-launcher-6.5.jar
Launcher Type: SUN_STANDARD

Environment Variables:
JAVA_HOME=C:\ProgramData\Microsoft\Windows\Start Menu\Programs\Java Development Kit
PATH=C:\Python27\;C:\Python27\Scripts;"C:\Program Files (x86)\Common Files\Oracle\Java\javapath;C:\ProgramData\Microsoft\Windows\Start Menu\Programs\Java Development Kit\bin";C:\Program Files (x86)\Intel\iCLS Client\;C:\Program Files\Intel\iCLS Client\;C:\ProgramData\Oracle\Java\javapath;C:\Windows\system32;C:\Windows;C:\Windows\System32\Wbem;C:\Windows\System32\WindowsPowerShell\v1.0\;C:\Program Files (x86)\NVIDIA Corporation\PhysX\Common;C:\Program Files (x86)\Windows Live\Shared;C:\WINDOWS\system32;C:\WINDOWS;C:\WINDOWS\System32\Wbem;C:\WINDOWS\System32\WindowsPowerShell\v1.0\;C:\Program Files (x86)\Intel\Intel(R) Management Engine Components\DAL;C:\Program Files\Intel\Intel(R) Management Engine Components\DAL;C:\Program Files (x86)\Intel\Intel(R) Management Engine Components\IPT;C:\Program Files\Intel\Intel(R) Management Engine Components\IPT;C:\WINDOWS\System32\OpenSSH\;C:\Program Files\NVIDIA Corporation\NVIDIA NvDLISR;C:\WINDOWS\system32;C:\WINDOWS;C:\WINDOWS\System32\Wbem;C:\WINDOWS\System32\WindowsPowerShell\v1.0\;C:\WINDOWS\System32\OpenSSH\;C:\Program Files\nodejs\;C:\Program Files\dotnet\;C:\Program Files\Microsoft SQL Server\130\Tools\Binn\;C:\Program Files\Microsoft SQL Server\Client SDK\ODBC\170\Tools\Binn\;C:\Program Files\Git\cmd;C:\Program Files (x86)\dotnet\;C:\Program Files\MySQL\MySQL Shell 8.0\bin\;C:\Users\EAK\AppData\Local\Microsoft\WindowsApps;C:\Users\EAK\AppData\Local\GitHubDesktop\bin;C:\Users\EAK\AppData\Roaming\npm;
USERNAME=EAK
OS=Windows_NT
PROCESSOR_IDENTIFIER=Intel64 Family 6 Model 61 Stepping 4, GenuineIntel



---------------  S Y S T E M  ---------------

OS: Windows 10.0 , 64 bit Build 19041 (10.0.19041.804)

CPU:total 4 (initial active 4) (2 cores per cpu, 2 threads per core) family 6 model 61 stepping 4, cmov, cx8, fxsr, mmx, sse, sse2, sse3, ssse3, sse4.1, sse4.2, popcnt, avx, avx2, aes, clmul, erms, 3dnowpref, lzcnt, ht, tsc, tscinvbit, bmi1, bmi2, adx

Memory: 4k page, physical 8296648k(915092k free), swap 8757448k(7492k free)

vm_info: OpenJDK 64-Bit Server VM (25.242-b01) for windows-amd64 JRE (1.8.0_242-release-1644-b01), built by "builder" with MS VC++ 10.0 (VS2010)

time: Sat Apr 24 19:35:25 2021
timezone: Hora oficial do Brasil
elapsed time: 3 seconds (0d 0h 0m 3s)

